<?xml version="1.0" encoding="UTF-8"?>
<!-- Generated by org.testng.reporters.JUnitXMLReporter -->
<testsuite ignored="0" hostname="DESKTOP-1TEHGD1" failures="0" tests="2" name="SignUPTest" time="3.265" errors="0" timestamp="2024-11-30T17:07:13 IST">
  <testcase classname="org.base.com.EngineClass" name="@BeforeMethod beforeMethod" time="1.969">
    <failure type="java.lang.NullPointerException" message="Cannot invoke &amp;quot;java.util.Properties.getProperty(String)&amp;quot; because &amp;quot;org.base.com.EngineClass.prop&amp;quot; is null">
      <![CDATA[java.lang.NullPointerException: Cannot invoke "java.util.Properties.getProperty(String)" because "org.base.com.EngineClass.prop" is null
at org.base.com.EngineClass.beforeMethod(EngineClass.java:44)
at java.base/java.util.ArrayList.forEach(ArrayList.java:1511)
... Removed 31 stack frames]]>
    </failure>
  </testcase> <!-- @BeforeMethod beforeMethod -->
  <testcase classname="org.base.com.EngineClass" name="@BeforeMethod beforeMethod" time="1.234">
    <failure type="java.lang.NullPointerException" message="Cannot invoke &amp;quot;java.util.Properties.getProperty(String)&amp;quot; because &amp;quot;org.base.com.EngineClass.prop&amp;quot; is null">
      <![CDATA[java.lang.NullPointerException: Cannot invoke "java.util.Properties.getProperty(String)" because "org.base.com.EngineClass.prop" is null
at org.base.com.EngineClass.beforeMethod(EngineClass.java:44)
at java.base/java.util.ArrayList.forEach(ArrayList.java:1511)
... Removed 31 stack frames]]>
    </failure>
  </testcase> <!-- @BeforeMethod beforeMethod -->
  <testcase classname="org.test.comp.SignUpTest" name="SignUpTC01" time="0.0">
    <skipped/>
  </testcase> <!-- SignUpTC01 -->
  <testcase classname="org.test.comp.SignUpTest" name="SignUpTC02" time="0.0">
    <skipped/>
  </testcase> <!-- SignUpTC02 -->
</testsuite> <!-- SignUPTest -->
