<?xml version="1.0" encoding="UTF-8"?>
<testng-results ignored="0" total="1" passed="1" failed="0" skipped="0">
  <reporter-output>
  </reporter-output>
  <suite started-at="2024-12-03T13:12:28 IST" name="Default suite" finished-at="2024-12-03T13:12:55 IST" duration-ms="26999">
    <groups>
    </groups>
    <test started-at="2024-12-03T13:12:28 IST" name="Default test" finished-at="2024-12-03T13:12:55 IST" duration-ms="26999">
      <class name="org.test.comp.SearchByItem">
        <test-method is-config="true" signature="beforeSuite()[pri:0, instance:org.test.comp.SearchByItem@1c5920df]" started-at="2024-12-03T13:12:27 IST" name="beforeSuite" finished-at="2024-12-03T13:12:28 IST" duration-ms="240" status="PASS">
          <reporter-output>
          </reporter-output>
        </test-method> <!-- beforeSuite -->
        <test-method is-config="true" signature="setup()[pri:0, instance:org.test.comp.SearchByItem@1c5920df]" started-at="2024-12-03T13:12:28 IST" name="setup" finished-at="2024-12-03T13:12:28 IST" duration-ms="0" status="PASS">
          <reporter-output>
          </reporter-output>
        </test-method> <!-- setup -->
        <test-method is-config="true" signature="beforeMethod()[pri:0, instance:org.test.comp.SearchByItem@1c5920df]" started-at="2024-12-03T13:12:28 IST" name="beforeMethod" finished-at="2024-12-03T13:12:36 IST" duration-ms="7680" status="PASS">
          <reporter-output>
          </reporter-output>
        </test-method> <!-- beforeMethod -->
        <test-method signature="searchItem(java.lang.String,java.lang.String,java.lang.String,java.lang.String)[pri:0, instance:org.test.comp.SearchByItem@1c5920df]" started-at="2024-12-03T13:12:36 IST" name="searchItem" data-provider="getData" finished-at="2024-12-03T13:12:54 IST" duration-ms="18507" status="PASS">
          <params>
            <param index="0">
              <value>
                <![CDATA[4111111111111111]]>
              </value>
            </param>
            <param index="1">
              <value>
                <![CDATA[03/30]]>
              </value>
            </param>
            <param index="2">
              <value>
                <![CDATA[737]]>
              </value>
            </param>
            <param index="3">
              <value>
                <![CDATA[Dyson Digital Slim Cordless Vacuum - Iron/Nickel]]>
              </value>
            </param>
          </params>
          <reporter-output>
          </reporter-output>
        </test-method> <!-- searchItem -->
        <test-method is-config="true" signature="getResult(org.testng.ITestResult)[pri:0, instance:org.test.comp.SearchByItem@1c5920df]" started-at="2024-12-03T13:12:54 IST" name="getResult" finished-at="2024-12-03T13:12:55 IST" duration-ms="267" status="PASS">
          <params>
            <param index="0">
              <value>
                <![CDATA[[TestResult name=searchItem status=SUCCESS method=SearchByItem.searchItem(java.lang.String,java.lang.String,java.lang.String,java.lang.String)[pri:0, instance:org.test.comp.SearchByItem@1c5920df] output={null}]]]>
              </value>
            </param>
          </params>
          <reporter-output>
          </reporter-output>
        </test-method> <!-- getResult -->
        <test-method is-config="true" signature="afterTest()[pri:0, instance:org.test.comp.SearchByItem@1c5920df]" started-at="2024-12-03T13:12:55 IST" name="afterTest" finished-at="2024-12-03T13:12:55 IST" duration-ms="1" status="PASS">
          <reporter-output>
          </reporter-output>
        </test-method> <!-- afterTest -->
        <test-method is-config="true" signature="afterSuite()[pri:0, instance:org.test.comp.SearchByItem@1c5920df]" started-at="2024-12-03T13:12:55 IST" name="afterSuite" finished-at="2024-12-03T13:12:55 IST" duration-ms="438" status="PASS">
          <reporter-output>
          </reporter-output>
        </test-method> <!-- afterSuite -->
      </class> <!-- org.test.comp.SearchByItem -->
    </test> <!-- Default test -->
  </suite> <!-- Default suite -->
</testng-results>
